<?xml version="1.0" encoding="utf-8"?><testsuites name="pytest tests"><testsuite name="pytest" errors="0" failures="0" skipped="0" tests="7" time="10.545" timestamp="2026-01-05T04:46:03.177872+00:00" hostname="agent-env-4cb48307-e35a-4a90-b5e0-a7be173e0fb2"><testcase classname="backend.tests.test_cancel_booking.TestCancelBooking" name="test_admin_login" time="0.579" /><testcase classname="backend.tests.test_cancel_booking.TestCancelBooking" name="test_get_bookings" time="0.303" /><testcase classname="backend.tests.test_cancel_booking.TestCancelBooking" name="test_create_and_cancel_booking" time="4.021" /><testcase classname="backend.tests.test_cancel_booking.TestCancelBooking" name="test_cancel_nonexistent_booking" time="0.362" /><testcase classname="backend.tests.test_cancel_booking.TestCancelBooking" name="test_cancel_without_auth" time="0.299" /><testcase classname="backend.tests.test_cancel_booking.TestCancelBooking" name="test_get_deleted_bookings" time="0.300" /><testcase classname="backend.tests.test_cancel_booking.TestCancellationNotifications" name="test_cancellation_sends_notifications" time="4.620" /></testsuite></testsuites>